###############################################################################
#                                                                             #
#     IAR Systems AVR Assembler V4.12A/W32 24/Oct/2025  13:27:52              #
#     Copyright 2005 IAR Systems. All rights reserved.                        #
#                                                                             #
#           Target option =  Relative jumps do not wrap                       #
#           Source file   =  E:\sim800Elam2560_bootnew_i2cerr_a7682e\util_stk.s90#
#           List file     =  E:\sim800Elam2560_bootnew_i2cerr_a7682e\Debug\List\util_stk.lst#
#           Object file   =  E:\sim800Elam2560_bootnew_i2cerr_a7682e\Debug\Obj\util_stk.r90#
#           Command line  =  E:\sim800Elam2560_bootnew_i2cerr_a7682e\util_stk.s90 #
#                            -v5                                              #
#                            -OE:\sim800Elam2560_bootnew_i2cerr_a7682e\Debug\Obj\ #
#                            -s+ -w+ -r -M<>                                  #
#                            -LE:\sim800Elam2560_bootnew_i2cerr_a7682e\Debug\List\ #
#                            -t8 -u_enhancedCore -D__HAS_ENHANCED_CORE__=1    #
#                            -D__HAS_MUL__=1                                  #
#                            -IE:\box\IAR Systems\Embedded Workbench 4.0 Evaluation\avr\INC\ #
#                            -D__MEMORY_MODEL__=2 -D__ATmega2560__=1          #
#                            -D__HAS_ELPM__=1                                 #
#                                                                             #
###############################################################################

      1    00000000              
      2    00000000               EXTERN array_in_232
      3    00000000              
      4    00000000               EXTERN saver_global_var
      5    00000000              
      6    00000000              RSEG CODE
      7    00000000              
      8    00000000               NAME my_util_stack 
      9    00000000               
     10    00000000              
     11    00000000                
     12    00000000               PUBLIC move_to_saver,pop_from_saver
     13    00000000               
     14    00000000              ; PUBLIC boot,reload_apl
     15    00000000              ;  EXTERN move_to_saver,pop_from_saver,r_p_fla
                                 sh
     16    00000000                PUBLIC boot_HUGE,reload_apl_HUGE
     17    00000000                EXTERN boot,reload_apl
     18    00000000              ; 
     19    00000000              ;   ORG 0x20000
     20    00000000              ;  
     21    00000000              ; boot_HUGE:   
     22    00000000              ;           jmp boot 
     23    00000000              ; reload_apl_HUGE:
     24    00000000              ;          jmp reload_apl 
     25    00000000              
     26    00000000              
     27    00000000              
     28    00000000              ; ГЮЦПСГЙЮ ЯРПЮМХЖШ ЩРН ОНДОПНЦПЮЛЛЮ 
                                  ОПНЦПЮЛЛЮ 
     29    00000000              ; 1fe00*2 = 3fc00
     30    00000000              ; АХР EIND СЯРЮМНБКЕМ
     31    00000000                boot_HUGE:
     32    00000000 93EF            push r30
     33    00000002 93FF            push r31
     34    00000004 E0E0            ldi r30,0
     35    00000006 EFFE            ldi r31,0xfe
     36    00000008 9419            eijmp
     37    0000000A              ;point_debug:   
     38    0000000A              ;   pop r31
     39    0000000A              ;   pop r30
     40    0000000A              ;   ret
     41    0000000A               
     42    0000000A              ; ОПЕГЮЦПСГЙЮ ОПНЦПЮЛЛЮ Б ЯРЕЙЕ МХВЕЦН МЕ
                                  ОПЪВЕЛ 
     43    0000000A              ; 1ff00*2 = 3fe00
     44    0000000A              reload_apl_HUGE:
     45    0000000A               
     46    0000000A              
     47    0000000A E0E0            ldi r30,0
     48    0000000C EFFF            ldi r31,0xff
     49    0000000E 9419            eijmp 
     50    00000010               
     51    00000010               
     52    00000010               
     53    00000010                          
     54    00000010               move_to_saver:
     55    00000010               
     56    00000010 930F          push r16
     57    00000012                
     58    00000012 A100          ldd  r16,Z+32
     59    00000014 9300....      sts LWRD (saver_global_var),r16
     60    00000018 A101          ldd  r16,Z+33
     61    0000001A 9300....      sts LWRD (saver_global_var+1),r16
     62    0000001E               
     63    0000001E 9100....      lds r16, array_in_232
     64    00000022 A300          std Z+32,r16
     65    00000024 9100....      lds r16, array_in_232+1
     66    00000028 A301          std Z+33,r16
     67    0000002A               
     68    0000002A               
     69    0000002A 910F          pop r16;
     70    0000002C 9508          ret
     71    0000002E               
     72    0000002E               
     73    0000002E               
     74    0000002E               pop_from_saver:
     75    0000002E               
     76    0000002E 930F          push r16
     77    00000030               
     78    00000030 9100....      lds r16, saver_global_var
     79    00000034 A300          std Z+32,r16
     80    00000036 9100....      lds r16, saver_global_var+1
     81    0000003A A301          std Z+33,r16
     82    0000003C               
     83    0000003C               
     84    0000003C 910F           pop r16
     85    0000003E               
     86    0000003E               
     87    0000003E               
     88    0000003E 9508          ret
     89    00000040              
     90    00000040              
     91    00000040              end
##############################
#          CRC:430C          #
#        Errors:   0         #
#        Warnings: 0         #
#         Bytes: 64          #
##############################



